[32m[STARTED]  [0m Building in 'target'...
[32m[RESOLVED] [0m metadata [36min 0.00 seconds[0m
[32m[RESOLVED] [0m build [36min 1.07 seconds[0m
[32m[RESOLVED] [0m build/modules [36min 0.00 seconds[0m
[32m[RESOLVED] [0m build/modules/identifier [36min 0.01 seconds[0m
[32m[RESOLVED] [0m build/modules/identifier/module-server%2Frepository [36min 0.06 seconds[0m
[32m[RESOLVED] [0m build/modules/identifier/module-provider%2Fazure [36min 0.06 seconds[0m
[32m[RESOLVED] [0m build/modules/identifier/module-format%2Fmaven [36min 0.07 seconds[0m
[32m[RESOLVED] [0m build/modules/identifier/module-provider%2Ffilesystem [36min 0.06 seconds[0m
[32m[RESOLVED] [0m build/modules/identifier/module-format%2Fraw [36min 0.07 seconds[0m
[32m[RESOLVED] [0m build/modules/identifier/module-provider%2Fs3 [36min 0.06 seconds[0m
[32m[RESOLVED] [0m build/modules/identifier/module-format%2Foci [36min 0.07 seconds[0m
[32m[RESOLVED] [0m build/modules/identifier/module-format%2Fspi [36min 0.07 seconds[0m
[32m[RESOLVED] [0m build/modules/identifier/module-test-s3 [36min 0.00 seconds[0m
[32m[RESOLVED] [0m build/modules/identifier/module-test-azure [36min 0.00 seconds[0m
[32m[RESOLVED] [0m build/modules/identifier/module-server%2Fui [36min 0.00 seconds[0m
[32m[RESOLVED] [0m build/modules/identifier/module-test [36min 0.00 seconds[0m
[32m[EXECUTED] [0m build/modules/identifier/module-provider%2Ffilesystem/sources [36min 0.09 seconds[0m
[32m[EXECUTED] [0m build/modules/identifier/module-format%2Fraw/sources [36min 0.08 seconds[0m
[32m[EXECUTED] [0m build/modules/identifier/module-provider%2Fazure/sources [36min 0.09 seconds[0m
[32m[EXECUTED] [0m build/modules/identifier/module-test-azure/sources [36min 0.09 seconds[0m
[32m[EXECUTED] [0m build/modules/identifier/module-format%2Fspi/sources [36min 0.07 seconds[0m
[32m[EXECUTED] [0m build/modules/identifier/module-server%2Fui/sources [36min 0.09 seconds[0m
[32m[EXECUTED] [0m build/modules/identifier/module-server%2Frepository/sources [36min 0.09 seconds[0m
[32m[EXECUTED] [0m build/modules/identifier/module-provider%2Fs3/sources [36min 0.09 seconds[0m
[32m[EXECUTED] [0m build/modules/identifier/module-test-s3/sources [36min 0.09 seconds[0m
[32m[EXECUTED] [0m build/modules/identifier/module-format%2Fmaven/sources [36min 0.09 seconds[0m
[32m[EXECUTED] [0m build/modules/identifier/module-test/sources [36min 0.07 seconds[0m
[32m[EXECUTED] [0m build/modules/identifier/module-format%2Foci/sources [36min 0.10 seconds[0m
[32m[EXECUTED] [0m build/modules/identifier/module-format%2Foci/manifests [36min 0.34 seconds[0m
[32m[EXECUTED] [0m build/modules/identifier/module-format%2Fmaven/manifests [36min 0.43 seconds[0m
[32m[EXECUTED] [0m build/modules/identifier/module-format%2Foci/coordinates [36min 0.00 seconds[0m
[32m[EXECUTED] [0m build/modules/identifier/module-format%2Fspi/manifests [36min 0.44 seconds[0m
[32m[EXECUTED] [0m build/modules/identifier/module-provider%2Fs3/manifests [36min 0.44 seconds[0m
[32m[EXECUTED] [0m build/modules/identifier/module-provider%2Ffilesystem/manifests [36min 0.44 seconds[0m
[32m[EXECUTED] [0m build/modules/identifier/module-format%2Fspi/coordinates [36min 0.00 seconds[0m
[32m[EXECUTED] [0m build/modules/identifier/module-test/manifests [36min 0.44 seconds[0m
[32m[EXECUTED] [0m build/modules/identifier/module-format%2Fmaven/coordinates [36min 0.00 seconds[0m
[32m[EXECUTED] [0m build/modules/identifier/module-provider%2Fs3/coordinates [36min 0.00 seconds[0m
[32m[EXECUTED] [0m build/modules/identifier/module-server%2Fui/manifests [36min 0.44 seconds[0m
[32m[EXECUTED] [0m build/modules/identifier/module-provider%2Ffilesystem/coordinates [36min 0.00 seconds[0m
[32m[EXECUTED] [0m build/modules/identifier/module-test/coordinates [36min 0.00 seconds[0m
[32m[EXECUTED] [0m build/modules/identifier/module-test-azure/manifests [36min 0.44 seconds[0m
[32m[EXECUTED] [0m build/modules/identifier/module-server%2Fui/coordinates [36min 0.00 seconds[0m
[32m[EXECUTED] [0m build/modules/identifier/module-test-azure/coordinates [36min 0.00 seconds[0m
[32m[EXECUTED] [0m build/modules/identifier/module-server%2Frepository/manifests [36min 0.44 seconds[0m
[32m[EXECUTED] [0m build/modules/identifier/module-server%2Frepository/coordinates [36min 0.00 seconds[0m
[32m[EXECUTED] [0m build/modules/identifier/module-format%2Fraw/manifests [36min 0.44 seconds[0m
[32m[EXECUTED] [0m build/modules/identifier/module-format%2Fraw/coordinates [36min 0.00 seconds[0m
[32m[EXECUTED] [0m build/modules/identifier/module-test-s3/manifests [36min 0.45 seconds[0m
[32m[EXECUTED] [0m build/modules/identifier/module-provider%2Fazure/manifests [36min 0.01 seconds[0m
[32m[EXECUTED] [0m build/modules/identifier/module-test-s3/coordinates [36min 0.00 seconds[0m
[32m[EXECUTED] [0m build/modules/identifier/module-provider%2Fazure/coordinates [36min 0.00 seconds[0m
[32m[RESOLVED] [0m build/modules/compose [36min 0.04 seconds[0m
[32m[EXECUTED] [0m build/modules/compose/group [36min 0.01 seconds[0m
[32m[RESOLVED] [0m build/modules/compose/module [36min 0.11 seconds[0m
[32m[RESOLVED] [0m build/modules/compose/module/module-provider%2Ffilesystem [36min 0.25 seconds[0m
[32m[RESOLVED] [0m build/modules/compose/module/module-provider%2Ffilesystem/dependencies [36min 0.15 seconds[0m
[32m[EXECUTED] [0m build/modules/compose/module/module-provider%2Ffilesystem/dependencies/prepare [36min 0.00 seconds[0m
[32m[EXECUTED] [0m build/modules/compose/module/module-provider%2Ffilesystem/dependencies/artifacts [36min 0.00 seconds[0m
[32m[RESOLVED] [0m build/modules/compose/module/module-provider%2Ffilesystem/produce [36min 0.00 seconds[0m
[32m[RESOLVED] [0m build/modules/compose/module/module-provider%2Ffilesystem/produce/describe [36min 0.54 seconds[0m
[32m[RESOLVED] [0m build/modules/compose/module/module-provider%2Ffilesystem/produce/assemble [36min 0.79 seconds[0m
[32m[EXECUTED] [0m build/modules/compose/module/module-provider%2Ffilesystem/produce/assemble/prepare [36min 0.00 seconds[0m
[32m[RESOLVED] [0m build/modules/compose/module/module-provider%2Ffilesystem/produce/assemble/binary [36min 0.31 seconds[0m
[32m[RESOLVED] [0m build/modules/compose/module/module-provider%2Ffilesystem/produce/assemble/format [36min 0.51 seconds[0m
[32m[RESOLVED] [0m build/modules/compose/module/module-provider%2Ffilesystem/produce/assemble/binary/compiled [36min 0.26 seconds[0m
[32m[EXECUTED] [0m build/modules/compose/module/module-provider%2Ffilesystem/produce/assemble/binary/compiled/scan [36min 0.06 seconds[0m
[32m[RESOLVED] [0m build/modules/compose/module/module-provider%2Ffilesystem/produce/assemble/binary/compiled/compile [36min 0.00 seconds[0m
[32m[EXECUTED] [0m build/modules/compose/module/module-provider%2Ffilesystem/produce/describe/pom [36min 0.92 seconds[0m
[32m[EXECUTED] [0m build/modules/compose/module/module-provider%2Ffilesystem/produce/describe/identity [36min 0.00 seconds[0m
[32m[RESOLVED] [0m build/modules/compose/module/module-provider%2Ffilesystem/produce/assemble/check [36min 0.83 seconds[0m
[32m[EXECUTED] [0m build/modules/compose/module/module-provider%2Ffilesystem/produce/assemble/binary/compiled/compile/javac [36min 0.26 seconds[0m
[32m[EXECUTED] [0m build/modules/compose/module/module-provider%2Ffilesystem/produce/assemble/binary/classes [36min 0.01 seconds[0m
[32m[RESOLVED] [0m build/modules/compose/module/module-provider%2Ffilesystem/produce/assemble/binary/artifacts [36min 0.00 seconds[0m
[32m[RESOLVED] [0m build/modules/compose/module/module-provider%2Ffilesystem/produce/assemble/binary/validate [36min 0.08 seconds[0m
[32m[EXECUTED] [0m build/modules/compose/module/module-provider%2Ffilesystem/produce/assemble/binary/artifacts/jar [36min 0.04 seconds[0m
[32m[EXECUTED] [0m build/modules/compose/module/module-provider%2Ffilesystem/assign [36min 0.00 seconds[0m
[32m[EXECUTED] [0m build/modules/compose/module/module-provider%2Ffilesystem/inventory [36min 0.00 seconds[0m
[32m[RESOLVED] [0m build/modules/compose/module/module-provider%2Fs3 [36min 0.01 seconds[0m
[32m[RESOLVED] [0m build/modules/compose/module/module-format%2Fspi [36min 0.01 seconds[0m
[32m[RESOLVED] [0m build/modules/compose/module/module-server%2Fui [36min 0.00 seconds[0m
[32m[RESOLVED] [0m build/modules/compose/module/module-format%2Fspi/dependencies [36min 0.00 seconds[0m
[32m[RESOLVED] [0m build/modules/compose/module/module-provider%2Fazure [36min 0.01 seconds[0m
[32m[RESOLVED] [0m build/modules/compose/module/module-provider%2Fs3/dependencies [36min 0.00 seconds[0m
[32m[RESOLVED] [0m build/modules/compose/module/module-provider%2Fazure/dependencies [36min 0.00 seconds[0m
[32m[RESOLVED] [0m build/modules/compose/module/module-server%2Fui/dependencies [36min 0.00 seconds[0m
[32m[EXECUTED] [0m build/modules/compose/module/module-format%2Fspi/dependencies/prepare [36min 0.00 seconds[0m
[32m[EXECUTED] [0m build/modules/compose/module/module-provider%2Fazure/dependencies/prepare [36min 0.01 seconds[0m
[32m[EXECUTED] [0m build/modules/compose/module/module-provider%2Fs3/dependencies/prepare [36min 0.01 seconds[0m
[32m[EXECUTED] [0m build/modules/compose/module/module-server%2Fui/dependencies/prepare [36min 0.01 seconds[0m
[32m[EXECUTED] [0m build/modules/compose/module/module-format%2Fspi/dependencies/artifacts [36min 0.09 seconds[0m
[32m[EXECUTED] [0m build/modules/compose/module/module-server%2Fui/dependencies/artifacts [36min 0.09 seconds[0m
[32m[RESOLVED] [0m build/modules/compose/module/module-format%2Fspi/produce [36min 0.00 seconds[0m
[32m[RESOLVED] [0m build/modules/compose/module/module-server%2Fui/produce [36min 0.00 seconds[0m
[32m[RESOLVED] [0m build/modules/compose/module/module-format%2Fspi/produce/describe [36min 0.00 seconds[0m
[32m[RESOLVED] [0m build/modules/compose/module/module-format%2Fspi/produce/assemble [36min 0.00 seconds[0m
[32m[RESOLVED] [0m build/modules/compose/module/module-server%2Fui/produce/describe [36min 0.00 seconds[0m
[32m[RESOLVED] [0m build/modules/compose/module/module-format%2Fspi/produce/assemble/format [36min 0.00 seconds[0m
[32m[RESOLVED] [0m build/modules/compose/module/module-format%2Fspi/produce/assemble/check [36min 0.00 seconds[0m
[32m[RESOLVED] [0m build/modules/compose/module/module-server%2Fui/produce/assemble [36min 0.00 seconds[0m
[32m[RESOLVED] [0m build/modules/compose/module/module-server%2Fui/produce/assemble/check [36min 0.00 seconds[0m
[32m[RESOLVED] [0m build/modules/compose/module/module-server%2Fui/produce/assemble/format [36min 0.00 seconds[0m
[32m[EXECUTED] [0m build/modules/compose/module/module-format%2Fspi/produce/assemble/prepare [36min 0.00 seconds[0m
[32m[RESOLVED] [0m build/modules/compose/module/module-format%2Fspi/produce/assemble/binary [36min 0.00 seconds[0m
[32m[EXECUTED] [0m build/modules/compose/module/module-format%2Fspi/produce/describe/pom [36min 0.00 seconds[0m
[32m[RESOLVED] [0m build/modules/compose/module/module-format%2Fspi/produce/assemble/binary/compiled [36min 0.00 seconds[0m
[32m[EXECUTED] [0m build/modules/compose/module/module-server%2Fui/produce/assemble/prepare [36min 0.00 seconds[0m
[32m[EXECUTED] [0m build/modules/compose/module/module-format%2Fspi/produce/describe/identity [36min 0.00 seconds[0m
[32m[RESOLVED] [0m build/modules/compose/module/module-server%2Fui/produce/assemble/binary [36min 0.00 seconds[0m
[32m[EXECUTED] [0m build/modules/compose/module/module-format%2Fspi/produce/assemble/binary/compiled/scan [36min 0.00 seconds[0m
[32m[EXECUTED] [0m build/modules/compose/module/module-server%2Fui/produce/describe/pom [36min 0.01 seconds[0m
[32m[RESOLVED] [0m build/modules/compose/module/module-format%2Fspi/produce/assemble/binary/compiled/compile [36min 0.00 seconds[0m
[32m[RESOLVED] [0m build/modules/compose/module/module-server%2Fui/produce/assemble/binary/compiled [36min 0.00 seconds[0m
[32m[EXECUTED] [0m build/modules/compose/module/module-server%2Fui/produce/describe/identity [36min 0.00 seconds[0m
[32m[EXECUTED] [0m build/modules/compose/module/module-server%2Fui/produce/assemble/binary/compiled/scan [36min 0.00 seconds[0m
[32m[RESOLVED] [0m build/modules/compose/module/module-server%2Fui/produce/assemble/binary/compiled/compile [36min 0.00 seconds[0m
[32m[EXECUTED] [0m build/modules/compose/module/module-server%2Fui/produce/assemble/binary/compiled/compile/javac [36min 0.13 seconds[0m
[32m[EXECUTED] [0m build/modules/compose/module/module-server%2Fui/produce/assemble/binary/classes [36min 0.00 seconds[0m
[32m[EXECUTED] [0m build/modules/compose/module/module-format%2Fspi/produce/assemble/binary/compiled/compile/javac [36min 0.14 seconds[0m
[32m[RESOLVED] [0m build/modules/compose/module/module-server%2Fui/produce/assemble/binary/validate [36min 0.00 seconds[0m
[32m[RESOLVED] [0m build/modules/compose/module/module-server%2Fui/produce/assemble/binary/artifacts [36min 0.00 seconds[0m
[32m[EXECUTED] [0m build/modules/compose/module/module-format%2Fspi/produce/assemble/binary/classes [36min 0.00 seconds[0m
[32m[RESOLVED] [0m build/modules/compose/module/module-format%2Fspi/produce/assemble/binary/artifacts [36min 0.00 seconds[0m
[32m[RESOLVED] [0m build/modules/compose/module/module-format%2Fspi/produce/assemble/binary/validate [36min 0.00 seconds[0m
[32m[EXECUTED] [0m build/modules/compose/module/module-server%2Fui/produce/assemble/binary/artifacts/jar [36min 0.00 seconds[0m
[32m[EXECUTED] [0m build/modules/compose/module/module-format%2Fspi/produce/assemble/binary/artifacts/jar [36min 0.00 seconds[0m
[32m[EXECUTED] [0m build/modules/compose/module/module-server%2Fui/assign [36min 0.00 seconds[0m
[32m[EXECUTED] [0m build/modules/compose/module/module-format%2Fspi/assign [36min 0.00 seconds[0m
[32m[EXECUTED] [0m build/modules/compose/module/module-server%2Fui/inventory [36min 0.00 seconds[0m
[32m[EXECUTED] [0m build/modules/compose/module/module-format%2Fspi/inventory [36min 0.00 seconds[0m
[32m[RESOLVED] [0m build/modules/compose/module/module-format%2Foci [36min 0.00 seconds[0m
[32m[RESOLVED] [0m build/modules/compose/module/module-server%2Frepository [36min 0.00 seconds[0m
[32m[RESOLVED] [0m build/modules/compose/module/module-format%2Foci/dependencies [36min 0.00 seconds[0m
[32m[RESOLVED] [0m build/modules/compose/module/module-server%2Frepository/dependencies [36min 0.00 seconds[0m
[32m[EXECUTED] [0m build/modules/compose/module/module-format%2Foci/dependencies/prepare [36min 0.00 seconds[0m
[32m[EXECUTED] [0m build/modules/compose/module/module-server%2Frepository/dependencies/prepare [36min 0.01 seconds[0m
[32m[EXECUTED] [0m build/modules/compose/module/module-format%2Foci/dependencies/artifacts [36min 0.01 seconds[0m
[32m[RESOLVED] [0m build/modules/compose/module/module-format%2Foci/produce [36min 0.00 seconds[0m
[32m[RESOLVED] [0m build/modules/compose/module/module-format%2Foci/produce/describe [36min 0.00 seconds[0m
[32m[RESOLVED] [0m build/modules/compose/module/module-format%2Foci/produce/assemble [36min 0.00 seconds[0m
[32m[RESOLVED] [0m build/modules/compose/module/module-format%2Foci/produce/assemble/check [36min 0.00 seconds[0m
[32m[RESOLVED] [0m build/modules/compose/module/module-format%2Foci/produce/assemble/format [36min 0.00 seconds[0m
[32m[EXECUTED] [0m build/modules/compose/module/module-format%2Foci/produce/assemble/prepare [36min 0.00 seconds[0m
[32m[EXECUTED] [0m build/modules/compose/module/module-format%2Foci/produce/describe/pom [36min 0.01 seconds[0m
[32m[RESOLVED] [0m build/modules/compose/module/module-format%2Foci/produce/assemble/binary [36min 0.00 seconds[0m
[32m[RESOLVED] [0m build/modules/compose/module/module-format%2Foci/produce/assemble/binary/compiled [36min 0.00 seconds[0m
[32m[EXECUTED] [0m build/modules/compose/module/module-format%2Foci/produce/describe/identity [36min 0.00 seconds[0m
[32m[EXECUTED] [0m build/modules/compose/module/module-format%2Foci/produce/assemble/binary/compiled/scan [36min 0.00 seconds[0m
[32m[RESOLVED] [0m build/modules/compose/module/module-format%2Foci/produce/assemble/binary/compiled/compile [36min 0.00 seconds[0m
[32m[EXECUTED] [0m build/modules/compose/module/module-format%2Foci/produce/assemble/binary/compiled/compile/javac [36min 0.09 seconds[0m
[32m[EXECUTED] [0m build/modules/compose/module/module-format%2Foci/produce/assemble/binary/classes [36min 0.00 seconds[0m
[32m[RESOLVED] [0m build/modules/compose/module/module-format%2Foci/produce/assemble/binary/validate [36min 0.00 seconds[0m
[32m[RESOLVED] [0m build/modules/compose/module/module-format%2Foci/produce/assemble/binary/artifacts [36min 0.00 seconds[0m
[32m[EXECUTED] [0m build/modules/compose/module/module-format%2Foci/produce/assemble/binary/artifacts/jar [36min 0.01 seconds[0m
[32m[EXECUTED] [0m build/modules/compose/module/module-format%2Foci/assign [36min 0.00 seconds[0m
[32m[EXECUTED] [0m build/modules/compose/module/module-format%2Foci/inventory [36min 0.00 seconds[0m
[32m[EXECUTED] [0m build/modules/compose/module/module-provider%2Fs3/dependencies/artifacts [36min 4.91 seconds[0m
[32m[RESOLVED] [0m build/modules/compose/module/module-provider%2Fs3/produce [36min 0.00 seconds[0m
[32m[RESOLVED] [0m build/modules/compose/module/module-provider%2Fs3/produce/describe [36min 0.00 seconds[0m
[32m[RESOLVED] [0m build/modules/compose/module/module-provider%2Fs3/produce/assemble [36min 0.00 seconds[0m
[32m[RESOLVED] [0m build/modules/compose/module/module-provider%2Fs3/produce/assemble/check [36min 0.00 seconds[0m
[32m[RESOLVED] [0m build/modules/compose/module/module-provider%2Fs3/produce/assemble/format [36min 0.00 seconds[0m
[32m[EXECUTED] [0m build/modules/compose/module/module-provider%2Fs3/produce/assemble/prepare [36min 0.00 seconds[0m
[32m[RESOLVED] [0m build/modules/compose/module/module-provider%2Fs3/produce/assemble/binary [36min 0.00 seconds[0m
[32m[RESOLVED] [0m build/modules/compose/module/module-provider%2Fs3/produce/assemble/binary/compiled [36min 0.00 seconds[0m
[32m[EXECUTED] [0m build/modules/compose/module/module-provider%2Fs3/produce/assemble/binary/compiled/scan [36min 0.00 seconds[0m
[32m[RESOLVED] [0m build/modules/compose/module/module-provider%2Fs3/produce/assemble/binary/compiled/compile [36min 0.00 seconds[0m
[32m[EXECUTED] [0m build/modules/compose/module/module-provider%2Fs3/produce/describe/pom [36min 0.01 seconds[0m
[32m[EXECUTED] [0m build/modules/compose/module/module-provider%2Fs3/produce/describe/identity [36min 0.00 seconds[0m
[32m[EXECUTED] [0m build/modules/compose/module/module-provider%2Fazure/dependencies/artifacts [36min 5.03 seconds[0m
[32m[RESOLVED] [0m build/modules/compose/module/module-provider%2Fazure/produce [36min 0.00 seconds[0m
[32m[RESOLVED] [0m build/modules/compose/module/module-provider%2Fazure/produce/assemble [36min 0.00 seconds[0m
[32m[RESOLVED] [0m build/modules/compose/module/module-provider%2Fazure/produce/assemble/check [36min 0.00 seconds[0m
[32m[RESOLVED] [0m build/modules/compose/module/module-provider%2Fazure/produce/assemble/format [36min 0.00 seconds[0m
[32m[RESOLVED] [0m build/modules/compose/module/module-provider%2Fazure/produce/describe [36min 0.00 seconds[0m
[32m[EXECUTED] [0m build/modules/compose/module/module-provider%2Fazure/produce/assemble/prepare [36min 0.00 seconds[0m
[32m[RESOLVED] [0m build/modules/compose/module/module-provider%2Fazure/produce/assemble/binary [36min 0.00 seconds[0m
[32m[RESOLVED] [0m build/modules/compose/module/module-provider%2Fazure/produce/assemble/binary/compiled [36min 0.00 seconds[0m
[32m[EXECUTED] [0m build/modules/compose/module/module-provider%2Fazure/produce/assemble/binary/compiled/scan [36min 0.00 seconds[0m
[32m[RESOLVED] [0m build/modules/compose/module/module-provider%2Fazure/produce/assemble/binary/compiled/compile [36min 0.00 seconds[0m
[32m[EXECUTED] [0m build/modules/compose/module/module-provider%2Fazure/produce/describe/pom [36min 0.01 seconds[0m
[32m[EXECUTED] [0m build/modules/compose/module/module-provider%2Fazure/produce/describe/identity [36min 0.00 seconds[0m
[32m[EXECUTED] [0m build/modules/compose/module/module-provider%2Fazure/produce/assemble/binary/compiled/compile/javac [36min 0.33 seconds[0m
[32m[EXECUTED] [0m build/modules/compose/module/module-provider%2Fazure/produce/assemble/binary/classes [36min 0.02 seconds[0m
[32m[RESOLVED] [0m build/modules/compose/module/module-provider%2Fazure/produce/assemble/binary/artifacts [36min 0.00 seconds[0m
[32m[RESOLVED] [0m build/modules/compose/module/module-provider%2Fazure/produce/assemble/binary/validate [36min 0.00 seconds[0m
[32m[EXECUTED] [0m build/modules/compose/module/module-provider%2Fazure/produce/assemble/binary/artifacts/jar [36min 0.00 seconds[0m
[32m[EXECUTED] [0m build/modules/compose/module/module-provider%2Fazure/assign [36min 0.00 seconds[0m
[32m[EXECUTED] [0m build/modules/compose/module/module-provider%2Fazure/inventory [36min 0.00 seconds[0m
[32m[RESOLVED] [0m build/modules/compose/module/module-test-azure [36min 0.00 seconds[0m
[32m[RESOLVED] [0m build/modules/compose/module/module-test-azure/dependencies [36min 0.00 seconds[0m
[32m[EXECUTED] [0m build/modules/compose/module/module-test-azure/dependencies/prepare [36min 0.00 seconds[0m
[32m[EXECUTED] [0m build/modules/compose/module/module-provider%2Fs3/produce/assemble/binary/compiled/compile/javac [36min 0.63 seconds[0m
[32m[EXECUTED] [0m build/modules/compose/module/module-provider%2Fs3/produce/assemble/binary/classes [36min 0.00 seconds[0m
[32m[RESOLVED] [0m build/modules/compose/module/module-provider%2Fs3/produce/assemble/binary/validate [36min 0.00 seconds[0m
[32m[RESOLVED] [0m build/modules/compose/module/module-provider%2Fs3/produce/assemble/binary/artifacts [36min 0.00 seconds[0m
[32m[EXECUTED] [0m build/modules/compose/module/module-provider%2Fs3/produce/assemble/binary/artifacts/jar [36min 0.00 seconds[0m
[32m[EXECUTED] [0m build/modules/compose/module/module-provider%2Fs3/assign [36min 0.00 seconds[0m
[32m[EXECUTED] [0m build/modules/compose/module/module-provider%2Fs3/inventory [36min 0.01 seconds[0m
[32m[RESOLVED] [0m build/modules/compose/module/module-test-s3 [36min 0.00 seconds[0m
[32m[RESOLVED] [0m build/modules/compose/module/module-test-s3/dependencies [36min 0.00 seconds[0m
[32m[EXECUTED] [0m build/modules/compose/module/module-test-s3/dependencies/prepare [36min 0.01 seconds[0m
[32m[EXECUTED] [0m build/modules/compose/module/module-test-azure/dependencies/artifacts [36min 0.25 seconds[0m
[32m[RESOLVED] [0m build/modules/compose/module/module-test-azure/produce [36min 0.00 seconds[0m
[32m[RESOLVED] [0m build/modules/compose/module/module-test-azure/produce/describe [36min 0.00 seconds[0m
[32m[EXECUTED] [0m build/modules/compose/module/module-test-azure/produce/describe/pom [36min 0.01 seconds[0m
[32m[EXECUTED] [0m build/modules/compose/module/module-test-azure/produce/describe/identity [36min 0.00 seconds[0m
[32m[RESOLVED] [0m build/modules/compose/module/module-test-azure/produce/assemble [36min 0.17 seconds[0m
[32m[RESOLVED] [0m build/modules/compose/module/module-test-azure/produce/assemble/check [36min 0.00 seconds[0m
[32m[RESOLVED] [0m build/modules/compose/module/module-test-azure/produce/assemble/format [36min 0.00 seconds[0m
[32m[EXECUTED] [0m build/modules/compose/module/module-test-azure/produce/assemble/prepare [36min 0.00 seconds[0m
[32m[RESOLVED] [0m build/modules/compose/module/module-test-azure/produce/assemble/binary [36min 0.00 seconds[0m
[32m[RESOLVED] [0m build/modules/compose/module/module-test-azure/produce/assemble/binary/compiled [36min 0.00 seconds[0m
[32m[EXECUTED] [0m build/modules/compose/module/module-test-azure/produce/assemble/binary/compiled/scan [36min 0.00 seconds[0m
[32m[RESOLVED] [0m build/modules/compose/module/module-test-azure/produce/assemble/binary/compiled/compile [36min 0.00 seconds[0m
[32m[EXECUTED] [0m build/modules/compose/module/module-test-s3/dependencies/artifacts [36min 0.29 seconds[0m
[32m[RESOLVED] [0m build/modules/compose/module/module-test-s3/produce [36min 0.00 seconds[0m
[32m[RESOLVED] [0m build/modules/compose/module/module-test-s3/produce/describe [36min 0.00 seconds[0m
[32m[RESOLVED] [0m build/modules/compose/module/module-test-s3/produce/assemble [36min 0.00 seconds[0m
[32m[RESOLVED] [0m build/modules/compose/module/module-test-s3/produce/assemble/check [36min 0.00 seconds[0m
[32m[RESOLVED] [0m build/modules/compose/module/module-test-s3/produce/assemble/format [36min 0.00 seconds[0m
[32m[EXECUTED] [0m build/modules/compose/module/module-test-s3/produce/assemble/prepare [36min 0.00 seconds[0m
[32m[RESOLVED] [0m build/modules/compose/module/module-test-s3/produce/assemble/binary [36min 0.00 seconds[0m
[32m[RESOLVED] [0m build/modules/compose/module/module-test-s3/produce/assemble/binary/compiled [36min 0.00 seconds[0m
[32m[EXECUTED] [0m build/modules/compose/module/module-test-s3/produce/assemble/binary/compiled/scan [36min 0.00 seconds[0m
[32m[RESOLVED] [0m build/modules/compose/module/module-test-s3/produce/assemble/binary/compiled/compile [36min 0.00 seconds[0m
[32m[EXECUTED] [0m build/modules/compose/module/module-test-s3/produce/describe/pom [36min 0.01 seconds[0m
[32m[EXECUTED] [0m build/modules/compose/module/module-test-s3/produce/describe/identity [36min 0.00 seconds[0m
[32m[EXECUTED] [0m build/modules/compose/module/module-test-azure/produce/assemble/binary/compiled/compile/javac [36min 0.27 seconds[0m
[32m[EXECUTED] [0m build/modules/compose/module/module-test-azure/produce/assemble/binary/classes [36min 0.00 seconds[0m
[32m[RESOLVED] [0m build/modules/compose/module/module-test-azure/produce/assemble/binary/artifacts [36min 0.00 seconds[0m
[32m[RESOLVED] [0m build/modules/compose/module/module-test-azure/produce/assemble/binary/validate [36min 0.00 seconds[0m
[32m[EXECUTED] [0m build/modules/compose/module/module-test-azure/produce/assemble/binary/artifacts/jar [36min 0.01 seconds[0m
[32m[EXECUTED] [0m build/modules/compose/module/module-test-s3/produce/assemble/binary/compiled/compile/javac [36min 0.38 seconds[0m
[32m[EXECUTED] [0m build/modules/compose/module/module-test-s3/produce/assemble/binary/classes [36min 0.00 seconds[0m
[32m[RESOLVED] [0m build/modules/compose/module/module-test-s3/produce/assemble/binary/artifacts [36min 0.00 seconds[0m
[32m[RESOLVED] [0m build/modules/compose/module/module-test-s3/produce/assemble/binary/validate [36min 0.00 seconds[0m
[32m[EXECUTED] [0m build/modules/compose/module/module-test-s3/produce/assemble/binary/artifacts/jar [36min 0.01 seconds[0m
[32m[RESOLVED] [0m build/modules/compose/module/module-test-s3/produce/assemble/observed [36min 0.47 seconds[0m
[32m[RESOLVED] [0m build/modules/compose/module/module-test-azure/produce/assemble/observed [36min 0.62 seconds[0m
[32m[RESOLVED] [0m build/modules/compose/module/module-test-azure/produce/assemble/observed/test [36min 0.22 seconds[0m
[32m[RESOLVED] [0m build/modules/compose/module/module-test-s3/produce/assemble/observed/test [36min 0.22 seconds[0m
[32m[EXECUTED] [0m build/modules/compose/module/module-test-s3/produce/assemble/observed/test/resolved [36min 0.02 seconds[0m
[32m[EXECUTED] [0m build/modules/compose/module/module-test-azure/produce/assemble/observed/test/resolved [36min 0.04 seconds[0m
[32m[EXECUTED] [0m build/modules/compose/module/module-server%2Frepository/dependencies/artifacts [36min 6.79 seconds[0m
[32m[RESOLVED] [0m build/modules/compose/module/module-server%2Frepository/produce [36min 0.00 seconds[0m
[32m[RESOLVED] [0m build/modules/compose/module/module-server%2Frepository/produce/assemble [36min 0.00 seconds[0m
[32m[RESOLVED] [0m build/modules/compose/module/module-server%2Frepository/produce/describe [36min 0.00 seconds[0m
[32m[RESOLVED] [0m build/modules/compose/module/module-server%2Frepository/produce/assemble/format [36min 0.00 seconds[0m
[32m[RESOLVED] [0m build/modules/compose/module/module-server%2Frepository/produce/assemble/check [36min 0.00 seconds[0m
[32m[EXECUTED] [0m build/modules/compose/module/module-server%2Frepository/produce/assemble/prepare [36min 0.01 seconds[0m
[32m[RESOLVED] [0m build/modules/compose/module/module-server%2Frepository/produce/assemble/binary [36min 0.00 seconds[0m
[32m[RESOLVED] [0m build/modules/compose/module/module-server%2Frepository/produce/assemble/binary/compiled [36min 0.00 seconds[0m
[32m[EXECUTED] [0m build/modules/compose/module/module-server%2Frepository/produce/describe/pom [36min 0.02 seconds[0m
[32m[EXECUTED] [0m build/modules/compose/module/module-server%2Frepository/produce/assemble/binary/compiled/scan [36min 0.00 seconds[0m
[32m[EXECUTED] [0m build/modules/compose/module/module-server%2Frepository/produce/describe/identity [36min 0.00 seconds[0m
[32m[RESOLVED] [0m build/modules/compose/module/module-server%2Frepository/produce/assemble/binary/compiled/compile [36min 0.00 seconds[0m
[32m[EXECUTED] [0m build/modules/compose/module/module-test-s3/produce/assemble/observed/test/dependencies [36min 0.27 seconds[0m
[32m[EXECUTED] [0m build/modules/compose/module/module-test-azure/produce/assemble/observed/test/dependencies [36min 0.26 seconds[0m
[32m[EXECUTED] [0m build/modules/compose/module/module-server%2Frepository/produce/assemble/binary/compiled/compile/javac [36min 0.41 seconds[0m
[32m[EXECUTED] [0m build/modules/compose/module/module-server%2Frepository/produce/assemble/binary/classes [36min 0.01 seconds[0m
[32m[RESOLVED] [0m build/modules/compose/module/module-server%2Frepository/produce/assemble/binary/artifacts [36min 0.00 seconds[0m
[32m[RESOLVED] [0m build/modules/compose/module/module-server%2Frepository/produce/assemble/binary/validate [36min 0.00 seconds[0m
[32m[EXECUTED] [0m build/modules/compose/module/module-server%2Frepository/produce/assemble/binary/artifacts/jar [36min 0.02 seconds[0m
[32m[EXECUTED] [0m build/modules/compose/module/module-server%2Frepository/assign [36min 0.00 seconds[0m
[32m[EXECUTED] [0m build/modules/compose/module/module-server%2Frepository/inventory [36min 0.01 seconds[0m
[32m[RESOLVED] [0m build/modules/compose/module/module-format%2Fraw [36min 0.00 seconds[0m
[32m[RESOLVED] [0m build/modules/compose/module/module-format%2Fmaven [36min 0.00 seconds[0m
[32m[RESOLVED] [0m build/modules/compose/module/module-format%2Fraw/dependencies [36min 0.00 seconds[0m
[32m[RESOLVED] [0m build/modules/compose/module/module-format%2Fmaven/dependencies [36min 0.00 seconds[0m
[32m[EXECUTED] [0m build/modules/compose/module/module-format%2Fmaven/dependencies/prepare [36min 0.00 seconds[0m
[32m[EXECUTED] [0m build/modules/compose/module/module-format%2Fraw/dependencies/prepare [36min 0.01 seconds[0m
[32m[EXECUTED] [0m build/modules/compose/module/module-format%2Fraw/dependencies/artifacts [36min 2.32 seconds[0m
[32m[RESOLVED] [0m build/modules/compose/module/module-format%2Fraw/produce [36min 0.00 seconds[0m
[32m[RESOLVED] [0m build/modules/compose/module/module-format%2Fraw/produce/describe [36min 0.00 seconds[0m
[32m[RESOLVED] [0m build/modules/compose/module/module-format%2Fraw/produce/assemble [36min 0.01 seconds[0m
[32m[EXECUTED] [0m build/modules/compose/module/module-format%2Fraw/produce/describe/pom [36min 0.01 seconds[0m
[32m[RESOLVED] [0m build/modules/compose/module/module-format%2Fraw/produce/assemble/check [36min 0.00 seconds[0m
[32m[RESOLVED] [0m build/modules/compose/module/module-format%2Fraw/produce/assemble/format [36min 0.00 seconds[0m
[32m[EXECUTED] [0m build/modules/compose/module/module-format%2Fraw/produce/describe/identity [36min 0.00 seconds[0m
[32m[EXECUTED] [0m build/modules/compose/module/module-format%2Fraw/produce/assemble/prepare [36min 0.02 seconds[0m
[32m[EXECUTED] [0m build/modules/compose/module/module-format%2Fmaven/dependencies/artifacts [36min 2.36 seconds[0m
[32m[RESOLVED] [0m build/modules/compose/module/module-format%2Fraw/produce/assemble/binary [36min 0.00 seconds[0m
[32m[RESOLVED] [0m build/modules/compose/module/module-format%2Fraw/produce/assemble/binary/compiled [36min 0.00 seconds[0m
[32m[RESOLVED] [0m build/modules/compose/module/module-format%2Fmaven/produce [36min 0.00 seconds[0m
[32m[RESOLVED] [0m build/modules/compose/module/module-format%2Fmaven/produce/assemble [36min 0.00 seconds[0m
[32m[EXECUTED] [0m build/modules/compose/module/module-format%2Fraw/produce/assemble/binary/compiled/scan [36min 0.00 seconds[0m
[32m[RESOLVED] [0m build/modules/compose/module/module-format%2Fmaven/produce/assemble/check [36min 0.00 seconds[0m
[32m[RESOLVED] [0m build/modules/compose/module/module-format%2Fmaven/produce/assemble/format [36min 0.00 seconds[0m
[32m[RESOLVED] [0m build/modules/compose/module/module-format%2Fraw/produce/assemble/binary/compiled/compile [36min 0.00 seconds[0m
[32m[RESOLVED] [0m build/modules/compose/module/module-format%2Fmaven/produce/describe [36min 0.00 seconds[0m
[32m[EXECUTED] [0m build/modules/compose/module/module-format%2Fmaven/produce/assemble/prepare [36min 0.01 seconds[0m
[32m[RESOLVED] [0m build/modules/compose/module/module-format%2Fmaven/produce/assemble/binary [36min 0.00 seconds[0m
[32m[RESOLVED] [0m build/modules/compose/module/module-format%2Fmaven/produce/assemble/binary/compiled [36min 0.00 seconds[0m
[32m[EXECUTED] [0m build/modules/compose/module/module-format%2Fmaven/produce/assemble/binary/compiled/scan [36min 0.00 seconds[0m
[32m[RESOLVED] [0m build/modules/compose/module/module-format%2Fmaven/produce/assemble/binary/compiled/compile [36min 0.00 seconds[0m
[32m[EXECUTED] [0m build/modules/compose/module/module-format%2Fmaven/produce/describe/pom [36min 0.02 seconds[0m
[32m[EXECUTED] [0m build/modules/compose/module/module-format%2Fmaven/produce/describe/identity [36min 0.00 seconds[0m
[32m[EXECUTED] [0m build/modules/compose/module/module-format%2Fraw/produce/assemble/binary/compiled/compile/javac [36min 0.28 seconds[0m
[32m[EXECUTED] [0m build/modules/compose/module/module-format%2Fraw/produce/assemble/binary/classes [36min 0.00 seconds[0m
[32m[RESOLVED] [0m build/modules/compose/module/module-format%2Fraw/produce/assemble/binary/artifacts [36min 0.00 seconds[0m
[32m[RESOLVED] [0m build/modules/compose/module/module-format%2Fraw/produce/assemble/binary/validate [36min 0.00 seconds[0m
[32m[EXECUTED] [0m build/modules/compose/module/module-format%2Fmaven/produce/assemble/binary/compiled/compile/javac [36min 0.28 seconds[0m
[32m[EXECUTED] [0m build/modules/compose/module/module-format%2Fmaven/produce/assemble/binary/classes [36min 0.00 seconds[0m
[32m[RESOLVED] [0m build/modules/compose/module/module-format%2Fmaven/produce/assemble/binary/artifacts [36min 0.00 seconds[0m
[32m[RESOLVED] [0m build/modules/compose/module/module-format%2Fmaven/produce/assemble/binary/validate [36min 0.00 seconds[0m
[32m[EXECUTED] [0m build/modules/compose/module/module-format%2Fraw/produce/assemble/binary/artifacts/jar [36min 0.01 seconds[0m
[32m[EXECUTED] [0m build/modules/compose/module/module-format%2Fraw/assign [36min 0.00 seconds[0m
[32m[EXECUTED] [0m build/modules/compose/module/module-format%2Fmaven/produce/assemble/binary/artifacts/jar [36min 0.01 seconds[0m
[32m[EXECUTED] [0m build/modules/compose/module/module-format%2Fmaven/assign [36min 0.00 seconds[0m
[32m[EXECUTED] [0m build/modules/compose/module/module-format%2Fraw/inventory [36min 0.01 seconds[0m
[32m[EXECUTED] [0m build/modules/compose/module/module-format%2Fmaven/inventory [36min 0.01 seconds[0m
[32m[RESOLVED] [0m build/modules/compose/module/module-test [36min 0.00 seconds[0m
[32m[RESOLVED] [0m build/modules/compose/module/module-test/dependencies [36min 0.00 seconds[0m
[32m[EXECUTED] [0m build/modules/compose/module/module-test/dependencies/prepare [36min 0.01 seconds[0m
[32m[EXECUTED] [0m build/modules/compose/module/module-test/dependencies/artifacts [36min 0.26 seconds[0m
[32m[RESOLVED] [0m build/modules/compose/module/module-test/produce [36min 0.00 seconds[0m
[32m[RESOLVED] [0m build/modules/compose/module/module-test/produce/describe [36min 0.00 seconds[0m
[32m[RESOLVED] [0m build/modules/compose/module/module-test/produce/assemble [36min 0.00 seconds[0m
[32m[RESOLVED] [0m build/modules/compose/module/module-test/produce/assemble/format [36min 0.00 seconds[0m
[32m[RESOLVED] [0m build/modules/compose/module/module-test/produce/assemble/check [36min 0.00 seconds[0m
[32m[EXECUTED] [0m build/modules/compose/module/module-test/produce/assemble/prepare [36min 0.01 seconds[0m
[32m[RESOLVED] [0m build/modules/compose/module/module-test/produce/assemble/binary [36min 0.00 seconds[0m
[32m[RESOLVED] [0m build/modules/compose/module/module-test/produce/assemble/binary/compiled [36min 0.00 seconds[0m
[32m[EXECUTED] [0m build/modules/compose/module/module-test/produce/describe/pom [36min 0.02 seconds[0m
[32m[EXECUTED] [0m build/modules/compose/module/module-test/produce/assemble/binary/compiled/scan [36min 0.00 seconds[0m
[32m[RESOLVED] [0m build/modules/compose/module/module-test/produce/assemble/binary/compiled/compile [36min 0.00 seconds[0m
[32m[EXECUTED] [0m build/modules/compose/module/module-test/produce/describe/identity [36min 0.00 seconds[0m
[32m[EXECUTED] [0m build/modules/compose/module/module-test/produce/assemble/binary/compiled/compile/javac [36min 0.51 seconds[0m
[32m[EXECUTED] [0m build/modules/compose/module/module-test/produce/assemble/binary/classes [36min 0.00 seconds[0m
[32m[RESOLVED] [0m build/modules/compose/module/module-test/produce/assemble/binary/artifacts [36min 0.00 seconds[0m
[32m[RESOLVED] [0m build/modules/compose/module/module-test/produce/assemble/binary/validate [36min 0.00 seconds[0m
[32m[EXECUTED] [0m build/modules/compose/module/module-test/produce/assemble/binary/artifacts/jar [36min 0.01 seconds[0m
[32m[EXECUTED] [0m build/modules/compose/module/module-test-s3/produce/assemble/observed/test/executed [36min 3.81 seconds[0m
[32m[RESOLVED] [0m build/modules/compose/module/module-test/produce/assemble/observed [36min 0.00 seconds[0m
[32m[EXECUTED] [0m build/modules/compose/module/module-test-s3/assign [36min 0.00 seconds[0m
[32m[EXECUTED] [0m build/modules/compose/module/module-test-s3/inventory [36min 0.01 seconds[0m
[32m[RESOLVED] [0m build/modules/compose/module/module-test/produce/assemble/observed/test [36min 0.02 seconds[0m
[32m[EXECUTED] [0m build/modules/compose/module/module-test/produce/assemble/observed/test/resolved [36min 0.02 seconds[0m
[32m[EXECUTED] [0m build/modules/compose/module/module-test/produce/assemble/observed/test/dependencies [36min 0.23 seconds[0m
[32m[EXECUTED] [0m build/modules/compose/module/module-test-azure/produce/assemble/observed/test/executed [36min 8.58 seconds[0m
[32m[EXECUTED] [0m build/modules/compose/module/module-test-azure/assign [36min 0.00 seconds[0m
[32m[EXECUTED] [0m build/modules/compose/module/module-test-azure/inventory [36min 0.01 seconds[0m
[32m[EXECUTED] [0m build/modules/compose/module/module-test/produce/assemble/observed/test/executed [36min 9.22 seconds[0m
[32m[EXECUTED] [0m build/modules/compose/module/module-test/assign [36min 0.00 seconds[0m
[32m[EXECUTED] [0m build/modules/compose/module/module-test/inventory [36min 0.00 seconds[0m
[32m[COMPLETED][0m Finished [36min 25.08 seconds[0m
